{"/Users/elizaveta_anackaya/Documents/EPAM React Course/MovieDB/src/index.js": {"path":"/Users/elizaveta_anackaya/Documents/EPAM React Course/MovieDB/src/index.js","statementMap":{"0":{"start":{"line":5,"column":0},"end":{"line":8,"column":2}}},"fnMap":{},"branchMap":{},"s":{"0":0},"f":{},"b":{}}
,"/Users/elizaveta_anackaya/Documents/EPAM React Course/MovieDB/src/components/index.js": {"path":"/Users/elizaveta_anackaya/Documents/EPAM React Course/MovieDB/src/components/index.js","statementMap":{"0":{"start":{"line":11,"column":8},"end":{"line":17,"column":9}}},"fnMap":{"0":{"name":"(anonymous_0)","decl":{"start":{"line":10,"column":4},"end":{"line":10,"column":5}},"loc":{"start":{"line":10,"column":13},"end":{"line":18,"column":5}},"line":10}},"branchMap":{},"s":{"0":0},"f":{"0":0},"b":{}}
,"/Users/elizaveta_anackaya/Documents/EPAM React Course/MovieDB/src/components/error-boundary/error-boundary.js": {"path":"/Users/elizaveta_anackaya/Documents/EPAM React Course/MovieDB/src/components/error-boundary/error-boundary.js","statementMap":{"0":{"start":{"line":5,"column":8},"end":{"line":5,"column":23}},"1":{"start":{"line":11,"column":8},"end":{"line":11,"column":34}},"2":{"start":{"line":15,"column":8},"end":{"line":21,"column":9}},"3":{"start":{"line":16,"column":12},"end":{"line":20,"column":14}},"4":{"start":{"line":23,"column":8},"end":{"line":23,"column":35}}},"fnMap":{"0":{"name":"(anonymous_0)","decl":{"start":{"line":4,"column":4},"end":{"line":4,"column":5}},"loc":{"start":{"line":4,"column":43},"end":{"line":6,"column":5}},"line":4},"1":{"name":"(anonymous_1)","decl":{"start":{"line":10,"column":4},"end":{"line":10,"column":5}},"loc":{"start":{"line":10,"column":35},"end":{"line":12,"column":5}},"line":10},"2":{"name":"(anonymous_2)","decl":{"start":{"line":14,"column":4},"end":{"line":14,"column":5}},"loc":{"start":{"line":14,"column":13},"end":{"line":24,"column":5}},"line":14}},"branchMap":{"0":{"loc":{"start":{"line":15,"column":8},"end":{"line":21,"column":9}},"type":"if","locations":[{"start":{"line":15,"column":8},"end":{"line":21,"column":9}},{"start":{"line":15,"column":8},"end":{"line":21,"column":9}}],"line":15}},"s":{"0":0,"1":0,"2":0,"3":0,"4":0},"f":{"0":0,"1":0,"2":0},"b":{"0":[0,0]}}
,"/Users/elizaveta_anackaya/Documents/EPAM React Course/MovieDB/src/components/footer/footer.js": {"path":"/Users/elizaveta_anackaya/Documents/EPAM React Course/MovieDB/src/components/footer/footer.js","statementMap":{"0":{"start":{"line":4,"column":22},"end":{"line":10,"column":1}},"1":{"start":{"line":5,"column":4},"end":{"line":9,"column":5}}},"fnMap":{"0":{"name":"(anonymous_0)","decl":{"start":{"line":4,"column":22},"end":{"line":4,"column":23}},"loc":{"start":{"line":4,"column":28},"end":{"line":10,"column":1}},"line":4}},"branchMap":{},"s":{"0":1,"1":1},"f":{"0":1},"b":{},"_coverageSchema":"43e27e138ebf9cfc5966b082cf9a028302ed4184","hash":"0f3c69255a98989756b8b7ad418c0ab4f13af6c9"}
,"/Users/elizaveta_anackaya/Documents/EPAM React Course/MovieDB/src/components/header/header.js": {"path":"/Users/elizaveta_anackaya/Documents/EPAM React Course/MovieDB/src/components/header/header.js","statementMap":{"0":{"start":{"line":10,"column":22},"end":{"line":23,"column":1}},"1":{"start":{"line":11,"column":4},"end":{"line":22,"column":5}}},"fnMap":{"0":{"name":"(anonymous_0)","decl":{"start":{"line":10,"column":22},"end":{"line":10,"column":23}},"loc":{"start":{"line":10,"column":28},"end":{"line":23,"column":1}},"line":10}},"branchMap":{},"s":{"0":1,"1":1},"f":{"0":1},"b":{},"_coverageSchema":"43e27e138ebf9cfc5966b082cf9a028302ed4184","hash":"b66e80ea9aa357268386b9913c91029eb5f6a8de"}
,"/Users/elizaveta_anackaya/Documents/EPAM React Course/MovieDB/src/components/logo/logo.js": {"path":"/Users/elizaveta_anackaya/Documents/EPAM React Course/MovieDB/src/components/logo/logo.js","statementMap":{"0":{"start":{"line":4,"column":20},"end":{"line":8,"column":1}},"1":{"start":{"line":5,"column":4},"end":{"line":7,"column":5}}},"fnMap":{"0":{"name":"(anonymous_0)","decl":{"start":{"line":4,"column":20},"end":{"line":4,"column":21}},"loc":{"start":{"line":4,"column":26},"end":{"line":8,"column":1}},"line":4}},"branchMap":{},"s":{"0":3,"1":3},"f":{"0":3},"b":{},"_coverageSchema":"43e27e138ebf9cfc5966b082cf9a028302ed4184","hash":"402b11e13018022c3fe288b8531cf9a86bceb5f6"}
,"/Users/elizaveta_anackaya/Documents/EPAM React Course/MovieDB/src/components/movie-card/movie-card.js": {"path":"/Users/elizaveta_anackaya/Documents/EPAM React Course/MovieDB/src/components/movie-card/movie-card.js","statementMap":{"0":{"start":{"line":3,"column":25},"end":{"line":14,"column":1}},"1":{"start":{"line":4,"column":4},"end":{"line":13,"column":5}}},"fnMap":{"0":{"name":"(anonymous_0)","decl":{"start":{"line":3,"column":25},"end":{"line":3,"column":26}},"loc":{"start":{"line":3,"column":63},"end":{"line":14,"column":1}},"line":3}},"branchMap":{},"s":{"0":3,"1":1},"f":{"0":1},"b":{},"_coverageSchema":"43e27e138ebf9cfc5966b082cf9a028302ed4184","hash":"fe4ca85de229b617d9ad343ac9bb765400fce85e"}
,"/Users/elizaveta_anackaya/Documents/EPAM React Course/MovieDB/src/components/movie-cards/compose-movie-cards.js": {"path":"/Users/elizaveta_anackaya/Documents/EPAM React Course/MovieDB/src/components/movie-cards/compose-movie-cards.js","statementMap":{"0":{"start":{"line":4,"column":33},"end":{"line":14,"column":1}},"1":{"start":{"line":5,"column":4},"end":{"line":5,"column":30}},"2":{"start":{"line":6,"column":4},"end":{"line":13,"column":6}},"3":{"start":{"line":7,"column":9},"end":{"line":12,"column":10}}},"fnMap":{"0":{"name":"(anonymous_0)","decl":{"start":{"line":4,"column":33},"end":{"line":4,"column":34}},"loc":{"start":{"line":4,"column":43},"end":{"line":14,"column":1}},"line":4},"1":{"name":"(anonymous_1)","decl":{"start":{"line":6,"column":20},"end":{"line":6,"column":21}},"loc":{"start":{"line":7,"column":9},"end":{"line":12,"column":10}},"line":7}},"branchMap":{},"s":{"0":2,"1":2,"2":2,"3":6},"f":{"0":2,"1":6},"b":{},"_coverageSchema":"43e27e138ebf9cfc5966b082cf9a028302ed4184","hash":"1e830e72907a8d39c62ab1c455b4cc33fd644bf6"}
,"/Users/elizaveta_anackaya/Documents/EPAM React Course/MovieDB/src/components/movie-cards/fixtures.js": {"path":"/Users/elizaveta_anackaya/Documents/EPAM React Course/MovieDB/src/components/movie-cards/fixtures.js","statementMap":{"0":{"start":{"line":1,"column":24},"end":{"line":17,"column":1}}},"fnMap":{},"branchMap":{},"s":{"0":2},"f":{},"b":{},"_coverageSchema":"43e27e138ebf9cfc5966b082cf9a028302ed4184","hash":"e7b2a6ac6bcf0423ba59c994115d8cf20257ea77"}
,"/Users/elizaveta_anackaya/Documents/EPAM React Course/MovieDB/src/components/movie-cards/movie-cards.js": {"path":"/Users/elizaveta_anackaya/Documents/EPAM React Course/MovieDB/src/components/movie-cards/movie-cards.js","statementMap":{"0":{"start":{"line":5,"column":26},"end":{"line":9,"column":1}},"1":{"start":{"line":6,"column":4},"end":{"line":8,"column":11}}},"fnMap":{"0":{"name":"(anonymous_0)","decl":{"start":{"line":5,"column":26},"end":{"line":5,"column":27}},"loc":{"start":{"line":5,"column":32},"end":{"line":9,"column":1}},"line":5}},"branchMap":{},"s":{"0":1,"1":1},"f":{"0":1},"b":{},"_coverageSchema":"43e27e138ebf9cfc5966b082cf9a028302ed4184","hash":"6215d313c1a0c9f946d781b912e08c4d1f8e628c"}
,"/Users/elizaveta_anackaya/Documents/EPAM React Course/MovieDB/src/components/movie-info/movie-info.js": {"path":"/Users/elizaveta_anackaya/Documents/EPAM React Course/MovieDB/src/components/movie-info/movie-info.js","statementMap":{"0":{"start":{"line":4,"column":21},"end":{"line":19,"column":1}},"1":{"start":{"line":5,"column":4},"end":{"line":18,"column":5}}},"fnMap":{"0":{"name":"(anonymous_0)","decl":{"start":{"line":4,"column":21},"end":{"line":4,"column":22}},"loc":{"start":{"line":4,"column":27},"end":{"line":19,"column":1}},"line":4}},"branchMap":{},"s":{"0":2,"1":2},"f":{"0":2},"b":{},"_coverageSchema":"43e27e138ebf9cfc5966b082cf9a028302ed4184","hash":"c61d9e6a4879b7f52f207a1eaa71708c4217f753"}
,"/Users/elizaveta_anackaya/Documents/EPAM React Course/MovieDB/src/components/search/search.js": {"path":"/Users/elizaveta_anackaya/Documents/EPAM React Course/MovieDB/src/components/search/search.js","statementMap":{"0":{"start":{"line":5,"column":22},"end":{"line":18,"column":1}},"1":{"start":{"line":6,"column":4},"end":{"line":17,"column":5}}},"fnMap":{"0":{"name":"(anonymous_0)","decl":{"start":{"line":5,"column":22},"end":{"line":5,"column":23}},"loc":{"start":{"line":5,"column":28},"end":{"line":18,"column":1}},"line":5}},"branchMap":{},"s":{"0":2,"1":2},"f":{"0":2},"b":{},"_coverageSchema":"43e27e138ebf9cfc5966b082cf9a028302ed4184","hash":"14557f823134773374e10c7d17844f0c5eada61f"}
,"/Users/elizaveta_anackaya/Documents/EPAM React Course/MovieDB/src/components/search-btn/serch-btn.js": {"path":"/Users/elizaveta_anackaya/Documents/EPAM React Course/MovieDB/src/components/search-btn/serch-btn.js","statementMap":{"0":{"start":{"line":3,"column":22},"end":{"line":11,"column":1}},"1":{"start":{"line":4,"column":21},"end":{"line":4,"column":56}},"2":{"start":{"line":5,"column":20},"end":{"line":5,"column":53}},"3":{"start":{"line":6,"column":23},"end":{"line":6,"column":58}},"4":{"start":{"line":8,"column":4},"end":{"line":10,"column":5}}},"fnMap":{"0":{"name":"(anonymous_0)","decl":{"start":{"line":3,"column":22},"end":{"line":3,"column":23}},"loc":{"start":{"line":3,"column":49},"end":{"line":11,"column":1}},"line":3}},"branchMap":{"0":{"loc":{"start":{"line":4,"column":21},"end":{"line":4,"column":56}},"type":"cond-expr","locations":[{"start":{"line":4,"column":30},"end":{"line":4,"column":50}},{"start":{"line":4,"column":54},"end":{"line":4,"column":56}}],"line":4},"1":{"loc":{"start":{"line":5,"column":20},"end":{"line":5,"column":53}},"type":"cond-expr","locations":[{"start":{"line":5,"column":28},"end":{"line":5,"column":47}},{"start":{"line":5,"column":51},"end":{"line":5,"column":53}}],"line":5}},"s":{"0":3,"1":7,"2":7,"3":7,"4":7},"f":{"0":7},"b":{"0":[3,4],"1":[2,5]},"_coverageSchema":"43e27e138ebf9cfc5966b082cf9a028302ed4184","hash":"d9054309ae44584bfe1d9de844dfbf4d0f55c898"}
,"/Users/elizaveta_anackaya/Documents/EPAM React Course/MovieDB/src/components/search-results/search-results.js": {"path":"/Users/elizaveta_anackaya/Documents/EPAM React Course/MovieDB/src/components/search-results/search-results.js","statementMap":{"0":{"start":{"line":4,"column":30},"end":{"line":21,"column":1}},"1":{"start":{"line":5,"column":4},"end":{"line":20,"column":5}}},"fnMap":{"0":{"name":"(anonymous_0)","decl":{"start":{"line":4,"column":30},"end":{"line":4,"column":31}},"loc":{"start":{"line":4,"column":36},"end":{"line":21,"column":1}},"line":4}},"branchMap":{},"s":{"0":2,"1":2},"f":{"0":2},"b":{},"_coverageSchema":"43e27e138ebf9cfc5966b082cf9a028302ed4184","hash":"d15e8216462292df3baaa8ac53ed92e0d383001a"}
}
