TN:
SF:/Users/elizaveta_anackaya/Documents/EPAM React Course/MovieDB/src/index.js
FNF:0
FNH:0
DA:5,0
LF:1
LH:0
BRF:0
BRH:0
end_of_record
TN:
SF:/Users/elizaveta_anackaya/Documents/EPAM React Course/MovieDB/src/components/index.js
FN:10,(anonymous_0)
FNF:1
FNH:0
FNDA:0,(anonymous_0)
DA:11,0
LF:1
LH:0
BRF:0
BRH:0
end_of_record
TN:
SF:/Users/elizaveta_anackaya/Documents/EPAM React Course/MovieDB/src/components/error-boundary/error-boundary.js
FN:4,(anonymous_0)
FN:10,(anonymous_1)
FN:14,(anonymous_2)
FNF:3
FNH:0
FNDA:0,(anonymous_0)
FNDA:0,(anonymous_1)
FNDA:0,(anonymous_2)
DA:5,0
DA:11,0
DA:15,0
DA:16,0
DA:23,0
LF:5
LH:0
BRDA:15,0,0,0
BRDA:15,0,1,0
BRF:2
BRH:0
end_of_record
TN:
SF:/Users/elizaveta_anackaya/Documents/EPAM React Course/MovieDB/src/components/footer/footer.js
FN:4,(anonymous_0)
FNF:1
FNH:1
FNDA:1,(anonymous_0)
DA:4,1
DA:5,1
LF:2
LH:2
BRF:0
BRH:0
end_of_record
TN:
SF:/Users/elizaveta_anackaya/Documents/EPAM React Course/MovieDB/src/components/header/header.js
FN:10,(anonymous_0)
FNF:1
FNH:1
FNDA:1,(anonymous_0)
DA:10,1
DA:11,1
LF:2
LH:2
BRF:0
BRH:0
end_of_record
TN:
SF:/Users/elizaveta_anackaya/Documents/EPAM React Course/MovieDB/src/components/logo/logo.js
FN:4,(anonymous_0)
FNF:1
FNH:1
FNDA:3,(anonymous_0)
DA:4,3
DA:5,3
LF:2
LH:2
BRF:0
BRH:0
end_of_record
TN:
SF:/Users/elizaveta_anackaya/Documents/EPAM React Course/MovieDB/src/components/movie-card/movie-card.js
FN:3,(anonymous_0)
FNF:1
FNH:1
FNDA:1,(anonymous_0)
DA:3,3
DA:4,1
LF:2
LH:2
BRF:0
BRH:0
end_of_record
TN:
SF:/Users/elizaveta_anackaya/Documents/EPAM React Course/MovieDB/src/components/movie-cards/compose-movie-cards.js
FN:4,(anonymous_0)
FN:6,(anonymous_1)
FNF:2
FNH:2
FNDA:2,(anonymous_0)
FNDA:6,(anonymous_1)
DA:4,2
DA:5,2
DA:6,2
DA:7,6
LF:4
LH:4
BRF:0
BRH:0
end_of_record
TN:
SF:/Users/elizaveta_anackaya/Documents/EPAM React Course/MovieDB/src/components/movie-cards/fixtures.js
FNF:0
FNH:0
DA:1,2
LF:1
LH:1
BRF:0
BRH:0
end_of_record
TN:
SF:/Users/elizaveta_anackaya/Documents/EPAM React Course/MovieDB/src/components/movie-cards/movie-cards.js
FN:5,(anonymous_0)
FNF:1
FNH:1
FNDA:1,(anonymous_0)
DA:5,1
DA:6,1
LF:2
LH:2
BRF:0
BRH:0
end_of_record
TN:
SF:/Users/elizaveta_anackaya/Documents/EPAM React Course/MovieDB/src/components/movie-info/movie-info.js
FN:4,(anonymous_0)
FNF:1
FNH:1
FNDA:2,(anonymous_0)
DA:4,2
DA:5,2
LF:2
LH:2
BRF:0
BRH:0
end_of_record
TN:
SF:/Users/elizaveta_anackaya/Documents/EPAM React Course/MovieDB/src/components/search/search.js
FN:5,(anonymous_0)
FNF:1
FNH:1
FNDA:2,(anonymous_0)
DA:5,2
DA:6,2
LF:2
LH:2
BRF:0
BRH:0
end_of_record
TN:
SF:/Users/elizaveta_anackaya/Documents/EPAM React Course/MovieDB/src/components/search-btn/serch-btn.js
FN:3,(anonymous_0)
FNF:1
FNH:1
FNDA:7,(anonymous_0)
DA:3,3
DA:4,7
DA:5,7
DA:6,7
DA:8,7
LF:5
LH:5
BRDA:4,0,0,3
BRDA:4,0,1,4
BRDA:5,1,0,2
BRDA:5,1,1,5
BRF:4
BRH:4
end_of_record
TN:
SF:/Users/elizaveta_anackaya/Documents/EPAM React Course/MovieDB/src/components/search-results/search-results.js
FN:4,(anonymous_0)
FNF:1
FNH:1
FNDA:2,(anonymous_0)
DA:4,2
DA:5,2
LF:2
LH:2
BRF:0
BRH:0
end_of_record
